Determining if the pthread_create exist failed with the following output:
Change Dir: /home/angelos/CLionProjects/boostThreads/cmake-build-debug/CMakeFiles/CMakeTmp

Run Build Command:"/usr/bin/make" "cmTC_d3a60/fast"
make[1]: Entering directory '/home/angelos/CLionProjects/boostThreads/cmake-build-debug/CMakeFiles/CMakeTmp'
/usr/bin/make -f CMakeFiles/cmTC_d3a60.dir/build.make CMakeFiles/cmTC_d3a60.dir/build
make[2]: Entering directory '/home/angelos/CLionProjects/boostThreads/cmake-build-debug/CMakeFiles/CMakeTmp'
Building C object CMakeFiles/cmTC_d3a60.dir/CheckSymbolExists.c.o
/usr/bin/cc    -o CMakeFiles/cmTC_d3a60.dir/CheckSymbolExists.c.o   -c /home/angelos/CLionProjects/boostThreads/cmake-build-debug/CMakeFiles/CMakeTmp/CheckSymbolExists.c
Linking C executable cmTC_d3a60
/opt/clion-2018.3.4/bin/cmake/linux/bin/cmake -E cmake_link_script CMakeFiles/cmTC_d3a60.dir/link.txt --verbose=1
/usr/bin/cc      CMakeFiles/cmTC_d3a60.dir/CheckSymbolExists.c.o  -o cmTC_d3a60 
CMakeFiles/cmTC_d3a60.dir/CheckSymbolExists.c.o: In function `main':
CheckSymbolExists.c:(.text+0x16): undefined reference to `pthread_create'
collect2: error: ld returned 1 exit status
CMakeFiles/cmTC_d3a60.dir/build.make:86: recipe for target 'cmTC_d3a60' failed
make[2]: *** [cmTC_d3a60] Error 1
make[2]: Leaving directory '/home/angelos/CLionProjects/boostThreads/cmake-build-debug/CMakeFiles/CMakeTmp'
Makefile:121: recipe for target 'cmTC_d3a60/fast' failed
make[1]: *** [cmTC_d3a60/fast] Error 2
make[1]: Leaving directory '/home/angelos/CLionProjects/boostThreads/cmake-build-debug/CMakeFiles/CMakeTmp'

File /home/angelos/CLionProjects/boostThreads/cmake-build-debug/CMakeFiles/CMakeTmp/CheckSymbolExists.c:
/* */
#include <pthread.h>

int main(int argc, char** argv)
{
  (void)argv;
#ifndef pthread_create
  return ((int*)(&pthread_create))[argc];
#else
  (void)argc;
  return 0;
#endif
}

Determining if the function pthread_create exists in the pthreads failed with the following output:
Change Dir: /home/angelos/CLionProjects/boostThreads/cmake-build-debug/CMakeFiles/CMakeTmp

Run Build Command:"/usr/bin/make" "cmTC_301a8/fast"
make[1]: Entering directory '/home/angelos/CLionProjects/boostThreads/cmake-build-debug/CMakeFiles/CMakeTmp'
/usr/bin/make -f CMakeFiles/cmTC_301a8.dir/build.make CMakeFiles/cmTC_301a8.dir/build
make[2]: Entering directory '/home/angelos/CLionProjects/boostThreads/cmake-build-debug/CMakeFiles/CMakeTmp'
Building C object CMakeFiles/cmTC_301a8.dir/CheckFunctionExists.c.o
/usr/bin/cc   -DCHECK_FUNCTION_EXISTS=pthread_create   -o CMakeFiles/cmTC_301a8.dir/CheckFunctionExists.c.o   -c /opt/clion-2018.3.4/bin/cmake/linux/share/cmake-3.13/Modules/CheckFunctionExists.c
Linking C executable cmTC_301a8
/opt/clion-2018.3.4/bin/cmake/linux/bin/cmake -E cmake_link_script CMakeFiles/cmTC_301a8.dir/link.txt --verbose=1
/usr/bin/cc  -DCHECK_FUNCTION_EXISTS=pthread_create    CMakeFiles/cmTC_301a8.dir/CheckFunctionExists.c.o  -o cmTC_301a8 -lpthreads 
/usr/bin/ld: cannot find -lpthreads
collect2: error: ld returned 1 exit status
CMakeFiles/cmTC_301a8.dir/build.make:86: recipe for target 'cmTC_301a8' failed
make[2]: *** [cmTC_301a8] Error 1
make[2]: Leaving directory '/home/angelos/CLionProjects/boostThreads/cmake-build-debug/CMakeFiles/CMakeTmp'
Makefile:121: recipe for target 'cmTC_301a8/fast' failed
make[1]: *** [cmTC_301a8/fast] Error 2
make[1]: Leaving directory '/home/angelos/CLionProjects/boostThreads/cmake-build-debug/CMakeFiles/CMakeTmp'


